#
# There is insufficient memory for the Java Runtime Environment to continue.
# Native memory allocation (malloc) failed to allocate 1756016 bytes for Chunk::new
# Possible reasons:
#   The system is out of physical RAM or swap space
#   The process is running with CompressedOops enabled, and the Java Heap may be blocking the growth of the native heap
# Possible solutions:
#   Reduce memory load on the system
#   Increase physical memory or swap space
#   Check if swap backing store is full
#   Decrease Java heap size (-Xmx/-Xms)
#   Decrease number of Java threads
#   Decrease Java thread stack sizes (-Xss)
#   Set larger code cache with -XX:ReservedCodeCacheSize=
#   JVM is running with Zero Based Compressed Oops mode in which the Java heap is
#     placed in the first 32GB address space. The Java Heap base address is the
#     maximum limit for the native heap growth. Please use -XX:HeapBaseMinAddress
#     to set the Java Heap base and to place the Java Heap above 32GB virtual address.
# This output file may be truncated or incomplete.
#
#  Out of Memory Error (allocation.cpp:389), pid=31172, tid=0x0000000000005c6c
#
# JRE version: Java(TM) SE Runtime Environment (8.0_241-b07) (build 1.8.0_241-b07)
# Java VM: Java HotSpot(TM) 64-Bit Server VM (25.241-b07 mixed mode windows-amd64 compressed oops)
# Failed to write core dump. Minidumps are not enabled by default on client versions of Windows
#

---------------  T H R E A D  ---------------

Current thread (0x000000001e4ca800):  JavaThread "C2 CompilerThread2" daemon [_thread_in_native, id=23660, stack(0x000000001f190000,0x000000001f290000)]

Stack: [0x000000001f190000,0x000000001f290000]
[error occurred during error reporting (printing stack bounds), id 0xc0000005]

Native frames: (J=compiled Java code, j=interpreted, Vv=VM code, C=native code)


Current CompileTask:
C2:   2436 1034 %     4       org.jacoco.agent.rt.internal_1f1cc91.asm.ClassReader::readCode @ 71 (5089 bytes)


---------------  P R O C E S S  ---------------

Java Threads: ( => current thread )
  0x0000000021ea5000 JavaThread "Image Fetcher 0" daemon [_thread_blocked, id=31068, stack(0x0000000023980000,0x0000000023a80000)]
  0x00000000225b8000 JavaThread "BasicPlayer" [_thread_blocked, id=7456, stack(0x0000000023680000,0x0000000023780000)]
  0x0000000022529000 JavaThread "Java Sound Event Dispatcher" daemon [_thread_blocked, id=16664, stack(0x0000000023180000,0x0000000023280000)]
  0x0000000002952800 JavaThread "DestroyJavaVM" [_thread_blocked, id=28968, stack(0x00000000026b0000,0x00000000027b0000)]
  0x000000001f739000 JavaThread "AWT-EventQueue-0" [_thread_blocked, id=5612, stack(0x0000000020360000,0x0000000020460000)]
  0x000000001f625000 JavaThread "AWT-Windows" daemon [_thread_in_native, id=25004, stack(0x00000000200d0000,0x00000000201d0000)]
  0x000000001f624000 JavaThread "AWT-Shutdown" [_thread_blocked, id=30188, stack(0x000000001ffd0000,0x00000000200d0000)]
  0x000000001f71f000 JavaThread "Java2D Disposer" daemon [_thread_blocked, id=14800, stack(0x000000001fed0000,0x000000001ffd0000)]
  0x000000001e4e7800 JavaThread "Service Thread" daemon [_thread_blocked, id=23360, stack(0x000000001f390000,0x000000001f490000)]
  0x000000001e4ce000 JavaThread "C1 CompilerThread3" daemon [_thread_blocked, id=29132, stack(0x000000001f290000,0x000000001f390000)]
=>0x000000001e4ca800 JavaThread "C2 CompilerThread2" daemon [_thread_in_native, id=23660, stack(0x000000001f190000,0x000000001f290000)]
  0x000000001e4c5800 JavaThread "C2 CompilerThread1" daemon [_thread_blocked, id=27160, stack(0x000000001f090000,0x000000001f190000)]
  0x000000001e5af800 JavaThread "C2 CompilerThread0" daemon [_thread_blocked, id=11204, stack(0x000000001ef90000,0x000000001f090000)]
  0x000000001e4a4800 JavaThread "org.jacoco.agent.rt.internal_1f1cc91.output.TcpClientOutput" daemon [_thread_in_native, id=25072, stack(0x000000001ee90000,0x000000001ef90000)]
  0x000000001e379800 JavaThread "Attach Listener" daemon [_thread_blocked, id=28380, stack(0x000000001ea50000,0x000000001eb50000)]
  0x000000001e379000 JavaThread "Signal Dispatcher" daemon [_thread_blocked, id=30672, stack(0x000000001e950000,0x000000001ea50000)]
  0x000000001e370800 JavaThread "Finalizer" daemon [_thread_blocked, id=5240, stack(0x000000001e750000,0x000000001e850000)]
  0x000000001c48c800 JavaThread "Reference Handler" daemon [_thread_blocked, id=23000, stack(0x000000001e250000,0x000000001e350000)]

Other Threads:
  0x000000001c48b000 VMThread [stack: 0x000000001e150000,0x000000001e250000] [id=32320]
  0x000000001e4ce800 WatcherThread [stack: 0x000000001f490000,0x000000001f590000] [id=22652]

VM state:not at safepoint (normal execution)

VM Mutex/Monitor currently owned by a thread: None

heap address: 0x00000006c1800000, size: 4072 MB, Compressed Oops mode: Zero based, Oop shift amount: 3
Narrow klass base: 0x0000000000000000, Narrow klass shift: 3
Compressed class space size: 1073741824 Address: 0x00000007c0000000

Heap:
 PSYoungGen      total 76288K, used 51656K [0x000000076b300000, 0x0000000770800000, 0x00000007c0000000)
  eden space 65536K, 78% used [0x000000076b300000,0x000000076e5722c8,0x000000076f300000)
  from space 10752K, 0% used [0x000000076fd80000,0x000000076fd80000,0x0000000770800000)
  to   space 10752K, 0% used [0x000000076f300000,0x000000076f300000,0x000000076fd80000)
 ParOldGen       total 175104K, used 0K [0x00000006c1800000, 0x00000006cc300000, 0x000000076b300000)
  object space 175104K, 0% used [0x00000006c1800000,0x00000006c1800000,0x00000006cc300000)
 Metaspace       used 13656K, capacity 13898K, committed 14336K, reserved 1062912K
  class space    used 1590K, capacity 1688K, committed 1792K, reserved 1048576K

Card table byte_map: [0x0000000011e10000,0x0000000012610000] byte_map_base: 0x000000000e804000

Marking Bits: (ParMarkBitMap*) 0x000000005138be30
 Begin Bits: [0x0000000013360000, 0x0000000017300000)
 End Bits:   [0x0000000017300000, 0x000000001b2a0000)

Polling page: 0x0000000000e50000

CodeCache: size=245760Kb used=4357Kb max_used=4371Kb free=241402Kb
 bounds [0x0000000002a50000, 0x0000000002ea0000, 0x0000000011a50000]
 total_blobs=1617 nmethods=1102 adapters=428
 compilation: enabled

Compilation events (10 events):
Event: 2.324 Thread 0x000000001e4ce000 nmethod 1099 0x0000000002e78a50 code [0x0000000002e78ec0, 0x0000000002e7b2b8]
Event: 2.324 Thread 0x000000001e4ce000 1100 %     3       javazoom.jl.decoder.LayerIIIDecoder::dequantize_sample @ 201 (1360 bytes)
Event: 2.326 Thread 0x000000001e4ce000 nmethod 1100% 0x0000000002e7d250 code [0x0000000002e7d6e0, 0x0000000002e80f48]
Event: 2.326 Thread 0x000000001e4ce000 1102       3       javazoom.jl.decoder.LayerIIIDecoder::dequantize_sample (1360 bytes)
Event: 2.328 Thread 0x000000001e4ce000 nmethod 1102 0x0000000002e84d10 code [0x0000000002e85180, 0x0000000002e881e8]
Event: 2.328 Thread 0x000000001e4ce000 1103 %     3       javazoom.jl.decoder.LayerIIIDecoder::dequantize_sample @ 1255 (1360 bytes)
Event: 2.329 Thread 0x000000001e5af800 1104 %     4       javazoom.jl.decoder.LayerIIIDecoder::hybrid @ 125 (991 bytes)
Event: 2.330 Thread 0x000000001e4ce000 nmethod 1103% 0x0000000002e8ba50 code [0x0000000002e8bec0, 0x0000000002e8f4e8]
Event: 2.335 Thread 0x000000001e4c5800 nmethod 1088 0x0000000002e95d50 code [0x0000000002e95f60, 0x0000000002e97550]
Event: 2.348 Thread 0x000000001e5af800 nmethod 1104% 0x0000000002e71f50 code [0x0000000002e720c0, 0x0000000002e72ba8]

GC Heap History (0 events):
No events

Deoptimization events (10 events):
Event: 1.267 Thread 0x000000001f739000 Uncommon trap: reason=bimorphic action=maybe_recompile pc=0x0000000002db53e4 method=org.jacoco.agent.rt.internal_1f1cc91.asm.tree.LabelNode.accept(Lorg/jacoco/agent/rt/internal_1f1cc91/asm/MethodVisitor;)V @ 5
Event: 1.267 Thread 0x000000001f739000 Uncommon trap: reason=bimorphic action=maybe_recompile pc=0x0000000002db53e4 method=org.jacoco.agent.rt.internal_1f1cc91.asm.tree.LabelNode.accept(Lorg/jacoco/agent/rt/internal_1f1cc91/asm/MethodVisitor;)V @ 5
Event: 1.267 Thread 0x000000001f739000 Uncommon trap: reason=bimorphic action=maybe_recompile pc=0x0000000002d65508 method=org.jacoco.agent.rt.internal_1f1cc91.asm.tree.FieldInsnNode.accept(Lorg/jacoco/agent/rt/internal_1f1cc91/asm/MethodVisitor;)V @ 17
Event: 1.267 Thread 0x000000001f739000 Uncommon trap: reason=bimorphic action=maybe_recompile pc=0x0000000002db53e4 method=org.jacoco.agent.rt.internal_1f1cc91.asm.tree.LabelNode.accept(Lorg/jacoco/agent/rt/internal_1f1cc91/asm/MethodVisitor;)V @ 5
Event: 1.267 Thread 0x000000001f739000 Uncommon trap: reason=bimorphic action=maybe_recompile pc=0x0000000002d233c0 method=org.jacoco.agent.rt.internal_1f1cc91.asm.tree.InsnNode.accept(Lorg/jacoco/agent/rt/internal_1f1cc91/asm/MethodVisitor;)V @ 5
Event: 1.267 Thread 0x000000001f739000 Uncommon trap: reason=bimorphic action=maybe_recompile pc=0x0000000002d11f98 method=org.jacoco.agent.rt.internal_1f1cc91.asm.MethodVisitor.visitInsn(I)V @ 12
Event: 1.267 Thread 0x000000001f739000 Uncommon trap: reason=bimorphic action=maybe_recompile pc=0x0000000002d233c0 method=org.jacoco.agent.rt.internal_1f1cc91.asm.tree.InsnNode.accept(Lorg/jacoco/agent/rt/internal_1f1cc91/asm/MethodVisitor;)V @ 5
Event: 1.267 Thread 0x000000001f739000 Uncommon trap: reason=bimorphic action=maybe_recompile pc=0x0000000002d11f98 method=org.jacoco.agent.rt.internal_1f1cc91.asm.MethodVisitor.visitInsn(I)V @ 12
Event: 1.267 Thread 0x000000001f739000 Uncommon trap: reason=bimorphic action=maybe_recompile pc=0x0000000002d233c0 method=org.jacoco.agent.rt.internal_1f1cc91.asm.tree.InsnNode.accept(Lorg/jacoco/agent/rt/internal_1f1cc91/asm/MethodVisitor;)V @ 5
Event: 1.268 Thread 0x000000001f739000 Uncommon trap: reason=bimorphic action=maybe_recompile pc=0x0000000002d11f98 method=org.jacoco.agent.rt.internal_1f1cc91.asm.MethodVisitor.visitInsn(I)V @ 12

Classes redefined (0 events):
No events

Internal exceptions (10 events):
Event: 0.038 Thread 0x0000000002952800 Exception <a 'java/lang/NoSuchMethodError': Method sun.misc.Unsafe.prefetchRead(Ljava/lang/Object;J)V name or signature does not match> (0x000000076b307fa8) thrown at [C:\ade\jenkins\workspace\8-2-build-windows-amd64-cygwin\jdk8u241\331\hotspot\src\share\
Event: 0.619 Thread 0x0000000002952800 Exception <a 'java/security/PrivilegedActionException'> (0x000000076bdab390) thrown at [C:\ade\jenkins\workspace\8-2-build-windows-amd64-cygwin\jdk8u241\331\hotspot\src\share\vm\prims\jvm.cpp, line 1502]
Event: 0.619 Thread 0x0000000002952800 Exception <a 'java/security/PrivilegedActionException'> (0x000000076bdab5a0) thrown at [C:\ade\jenkins\workspace\8-2-build-windows-amd64-cygwin\jdk8u241\331\hotspot\src\share\vm\prims\jvm.cpp, line 1502]
Event: 0.620 Thread 0x0000000002952800 Exception <a 'java/security/PrivilegedActionException'> (0x000000076bdaf210) thrown at [C:\ade\jenkins\workspace\8-2-build-windows-amd64-cygwin\jdk8u241\331\hotspot\src\share\vm\prims\jvm.cpp, line 1502]
Event: 0.620 Thread 0x0000000002952800 Exception <a 'java/security/PrivilegedActionException'> (0x000000076bdaf420) thrown at [C:\ade\jenkins\workspace\8-2-build-windows-amd64-cygwin\jdk8u241\331\hotspot\src\share\vm\prims\jvm.cpp, line 1502]
Event: 0.623 Thread 0x0000000002952800 Exception <a 'java/io/FileNotFoundException'> (0x000000076bdb6900) thrown at [C:\ade\jenkins\workspace\8-2-build-windows-amd64-cygwin\jdk8u241\331\hotspot\src\share\vm\prims\jni.cpp, line 710]
Event: 0.657 Thread 0x0000000002952800 Exception <a 'java/lang/NoSuchFieldError': method resolution failed> (0x000000076beda308) thrown at [C:\ade\jenkins\workspace\8-2-build-windows-amd64-cygwin\jdk8u241\331\hotspot\src\share\vm\prims\methodHandles.cpp, line 1167]
Event: 0.658 Thread 0x0000000002952800 Exception <a 'java/lang/NoSuchFieldError': method resolution failed> (0x000000076bee80f0) thrown at [C:\ade\jenkins\workspace\8-2-build-windows-amd64-cygwin\jdk8u241\331\hotspot\src\share\vm\prims\methodHandles.cpp, line 1167]
Event: 0.713 Thread 0x000000001f739000 Exception <a 'java/io/FileNotFoundException'> (0x000000076c287c10) thrown at [C:\ade\jenkins\workspace\8-2-build-windows-amd64-cygwin\jdk8u241\331\hotspot\src\share\vm\prims\jni.cpp, line 710]
Event: 0.730 Thread 0x000000001f739000 Implicit null exception at 0x0000000002b81b15 to 0x0000000002b81d09

Events (10 events):
Event: 2.241 loading class javazoom/jl/decoder/LayerIIIDecoder$Sftable
Event: 2.241 loading class javazoom/jl/decoder/LayerIIIDecoder$Sftable done
Event: 2.242 loading class javazoom/jl/decoder/BitReserve
Event: 2.242 loading class javazoom/jl/decoder/BitReserve done
Event: 2.242 loading class javazoom/jl/decoder/LayerIIIDecoder$III_side_info_t
Event: 2.242 loading class javazoom/jl/decoder/LayerIIIDecoder$III_side_info_t done
Event: 2.245 loading class javazoom/jl/decoder/LayerIIIDecoder$temporaire
Event: 2.245 loading class javazoom/jl/decoder/LayerIIIDecoder$temporaire done
Event: 2.246 loading class javazoom/jl/decoder/LayerIIIDecoder$gr_info_s
Event: 2.246 loading class javazoom/jl/decoder/LayerIIIDecoder$gr_info_s done


Dynamic libraries:
0x00007ff713200000 - 0x00007ff713237000 	C:\Program Files\Java\jre1.8.0_241\bin\javaw.exe
0x00007ff9ccfe0000 - 0x00007ff9cd1cd000 	C:\WINDOWS\SYSTEM32\ntdll.dll
0x00007ff9ca750000 - 0x00007ff9ca803000 	C:\WINDOWS\System32\KERNEL32.DLL
0x00007ff9c9290000 - 0x00007ff9c9523000 	C:\WINDOWS\System32\KERNELBASE.dll
0x00007ff9cb4d0000 - 0x00007ff9cb573000 	C:\WINDOWS\System32\ADVAPI32.dll
0x00007ff9cb6a0000 - 0x00007ff9cb73e000 	C:\WINDOWS\System32\msvcrt.dll
0x00007ff9cb2a0000 - 0x00007ff9cb33e000 	C:\WINDOWS\System32\sechost.dll
0x00007ff9cb740000 - 0x00007ff9cb862000 	C:\WINDOWS\System32\RPCRT4.dll
0x00007ff9cacb0000 - 0x00007ff9cae47000 	C:\WINDOWS\System32\USER32.dll
0x00007ff9ca040000 - 0x00007ff9ca060000 	C:\WINDOWS\System32\win32u.dll
0x00007ff9cb4a0000 - 0x00007ff9cb4c9000 	C:\WINDOWS\System32\GDI32.dll
0x00007ff9ca060000 - 0x00007ff9ca1f9000 	C:\WINDOWS\System32\gdi32full.dll
0x00007ff9c97f0000 - 0x00007ff9c9890000 	C:\WINDOWS\System32\msvcp_win.dll
0x00007ff9c90a0000 - 0x00007ff9c919a000 	C:\WINDOWS\System32\ucrtbase.dll
0x00007ff9bcf10000 - 0x00007ff9bd189000 	C:\WINDOWS\WinSxS\amd64_microsoft.windows.common-controls_6595b64144ccf1df_6.0.17763.1098_none_de762ed45346ee8a\COMCTL32.dll
0x00007ff9ca810000 - 0x00007ff9cab3c000 	C:\WINDOWS\System32\combase.dll
0x00007ff9c9210000 - 0x00007ff9c928e000 	C:\WINDOWS\System32\bcryptPrimitives.dll
0x00007ff9caf10000 - 0x00007ff9caf3e000 	C:\WINDOWS\System32\IMM32.DLL
0x00000000516d0000 - 0x00000000517a2000 	C:\Program Files\Java\jre1.8.0_241\bin\msvcr100.dll
0x0000000050b60000 - 0x000000005140c000 	C:\Program Files\Java\jre1.8.0_241\bin\server\jvm.dll
0x00007ff9cb690000 - 0x00007ff9cb698000 	C:\WINDOWS\System32\PSAPI.DLL
0x00007ff9c5130000 - 0x00007ff9c5139000 	C:\WINDOWS\SYSTEM32\WSOCK32.dll
0x00007ff9c16d0000 - 0x00007ff9c16da000 	C:\WINDOWS\SYSTEM32\VERSION.dll
0x00007ff9bf780000 - 0x00007ff9bf7a4000 	C:\WINDOWS\SYSTEM32\WINMM.dll
0x00007ff9caf40000 - 0x00007ff9cafad000 	C:\WINDOWS\System32\WS2_32.dll
0x00007ff9bf750000 - 0x00007ff9bf77d000 	C:\WINDOWS\SYSTEM32\winmmbase.dll
0x00007ff9c91c0000 - 0x00007ff9c920a000 	C:\WINDOWS\System32\cfgmgr32.dll
0x00007ff9c5050000 - 0x00007ff9c505f000 	C:\Program Files\Java\jre1.8.0_241\bin\verify.dll
0x00007ff9c1020000 - 0x00007ff9c1049000 	C:\Program Files\Java\jre1.8.0_241\bin\java.dll
0x00007ff9bc860000 - 0x00007ff9bc883000 	C:\Program Files\Java\jre1.8.0_241\bin\instrument.dll
0x00007ff9c07a0000 - 0x00007ff9c07b6000 	C:\Program Files\Java\jre1.8.0_241\bin\zip.dll
0x00007ff9cb960000 - 0x00007ff9cce54000 	C:\WINDOWS\System32\SHELL32.dll
0x00007ff9ca680000 - 0x00007ff9ca728000 	C:\WINDOWS\System32\shcore.dll
0x00007ff9c98f0000 - 0x00007ff9ca03d000 	C:\WINDOWS\System32\windows.storage.dll
0x00007ff9c8fd0000 - 0x00007ff9c8ff4000 	C:\WINDOWS\System32\profapi.dll
0x00007ff9c9020000 - 0x00007ff9c907d000 	C:\WINDOWS\System32\powrprof.dll
0x00007ff9cae50000 - 0x00007ff9caea2000 	C:\WINDOWS\System32\shlwapi.dll
0x00007ff9c9080000 - 0x00007ff9c9091000 	C:\WINDOWS\System32\kernel.appcore.dll
0x00007ff9c91a0000 - 0x00007ff9c91b7000 	C:\WINDOWS\System32\cryptsp.dll
0x00007ff9c0780000 - 0x00007ff9c079a000 	C:\Program Files\Java\jre1.8.0_241\bin\net.dll
0x00007ff9c8840000 - 0x00007ff9c88a7000 	C:\WINDOWS\system32\mswsock.dll
0x00007ff9ac0b0000 - 0x00007ff9ac0c6000 	C:\WINDOWS\system32\napinsp.dll
0x00007ff9ac090000 - 0x00007ff9ac0aa000 	C:\WINDOWS\system32\pnrpnsp.dll
0x00007ff9c85a0000 - 0x00007ff9c8666000 	C:\WINDOWS\SYSTEM32\DNSAPI.dll
0x00007ff9cb160000 - 0x00007ff9cb168000 	C:\WINDOWS\System32\NSI.dll
0x00007ff9c8560000 - 0x00007ff9c859d000 	C:\WINDOWS\SYSTEM32\IPHLPAPI.DLL
0x00007ff9bf580000 - 0x00007ff9bf58e000 	C:\WINDOWS\System32\winrnr.dll
0x00007ff9c2620000 - 0x00007ff9c263b000 	C:\WINDOWS\system32\NLAapi.dll
0x00007ff9c3b40000 - 0x00007ff9c3b55000 	C:\WINDOWS\system32\wshbth.dll
0x00007ff9bd8a0000 - 0x00007ff9bd8aa000 	C:\Windows\System32\rasadhlp.dll
0x00007ff9be100000 - 0x00007ff9be179000 	C:\WINDOWS\System32\fwpuclnt.dll
0x00007ff9c9710000 - 0x00007ff9c9736000 	C:\WINDOWS\System32\bcrypt.dll
0x00007ff9aeb20000 - 0x00007ff9aecba000 	C:\Program Files\Java\jre1.8.0_241\bin\awt.dll
0x00007ff9ccee0000 - 0x00007ff9ccfa4000 	C:\WINDOWS\System32\OLEAUT32.dll
0x00007ff9c6e70000 - 0x00007ff9c6efc000 	C:\WINDOWS\SYSTEM32\apphelp.dll
0x00007ff9c6f60000 - 0x00007ff9c6ffc000 	C:\WINDOWS\system32\uxtheme.dll
0x00007ff9cab40000 - 0x00007ff9cacab000 	C:\WINDOWS\System32\MSCTF.dll
0x00007ff9c74e0000 - 0x00007ff9c750e000 	C:\WINDOWS\system32\dwmapi.dll
0x00007ff9c9530000 - 0x00007ff9c970c000 	C:\WINDOWS\System32\CRYPT32.dll
0x00007ff9c9000000 - 0x00007ff9c9012000 	C:\WINDOWS\System32\MSASN1.dll
0x00007ff9cb340000 - 0x00007ff9cb495000 	C:\WINDOWS\System32\ole32.dll
0x00007ff9a7970000 - 0x00007ff9a7a97000 	C:\WINDOWS\system32\opengl32.dll
0x00007ff9a93c0000 - 0x00007ff9a93ec000 	C:\WINDOWS\SYSTEM32\GLU32.dll
0x00007ff9c5040000 - 0x00007ff9c504c000 	C:\Program Files\Java\jre1.8.0_241\bin\jsound.dll
0x00007ff9c2ad0000 - 0x00007ff9c2adb000 	C:\Program Files\Java\jre1.8.0_241\bin\jsoundds.dll
0x00007ff98c130000 - 0x00007ff98c1c6000 	C:\WINDOWS\SYSTEM32\DSOUND.dll
0x00007ff9c16e0000 - 0x00007ff9c1750000 	C:\WINDOWS\SYSTEM32\MMDevAPI.DLL
0x00007ff9c8de0000 - 0x00007ff9c8e09000 	C:\WINDOWS\SYSTEM32\DEVOBJ.dll
0x00007ff9c7930000 - 0x00007ff9c7ad9000 	C:\WINDOWS\SYSTEM32\PROPSYS.dll
0x00007ff9c4290000 - 0x00007ff9c42d4000 	C:\WINDOWS\SYSTEM32\wdmaud.drv
0x00007ff9c4ca0000 - 0x00007ff9c4ca9000 	C:\WINDOWS\SYSTEM32\ksuser.dll
0x00007ff9c4df0000 - 0x00007ff9c4dfa000 	C:\WINDOWS\SYSTEM32\AVRT.dll
0x00007ff9c1500000 - 0x00007ff9c1648000 	C:\WINDOWS\SYSTEM32\AUDIOSES.DLL
0x00007ff9c5530000 - 0x00007ff9c5683000 	C:\WINDOWS\SYSTEM32\wintypes.dll
0x00007ff9c4300000 - 0x00007ff9c430d000 	C:\WINDOWS\SYSTEM32\msacm32.drv
0x00007ff9c3bd0000 - 0x00007ff9c3bec000 	C:\WINDOWS\SYSTEM32\MSACM32.dll
0x00007ff9c42f0000 - 0x00007ff9c42fa000 	C:\WINDOWS\SYSTEM32\midimap.dll
0x00007ff9cb580000 - 0x00007ff9cb622000 	C:\WINDOWS\System32\clbcatq.dll
0x00007ff9c7510000 - 0x00007ff9c7524000 	C:\WINDOWS\SYSTEM32\resourcepolicyclient.dll
0x00007ff9be0c0000 - 0x00007ff9be0f1000 	C:\Program Files\Java\jre1.8.0_241\bin\jpeg.dll
0x00007ff9b4020000 - 0x00007ff9b4069000 	C:\Program Files\Java\jre1.8.0_241\bin\fontmanager.dll
0x00007ff9bc360000 - 0x00007ff9bc3cc000 	C:\WINDOWS\system32\Oleacc.dll
0x00007ff9c00b0000 - 0x00007ff9c00c2000 	C:\Program Files\Java\jre1.8.0_241\bin\nio.dll
0x00007ff9b3f00000 - 0x00007ff9b3f42000 	C:\Program Files\Java\jre1.8.0_241\bin\t2k.dll
0x00007ff9b84a0000 - 0x00007ff9b85da000 	C:\Windows\System32\Windows.UI.dll
0x00007ff9b8400000 - 0x00007ff9b8495000 	C:\Windows\System32\TextInputFramework.dll
0x00007ff9b8330000 - 0x00007ff9b83fc000 	C:\Windows\System32\InputHost.dll
0x00007ff9bbcd0000 - 0x00007ff9bbff2000 	C:\Windows\System32\CoreUIComponents.dll
0x00007ff9c6a90000 - 0x00007ff9c6b72000 	C:\Windows\System32\CoreMessaging.dll
0x00007ff9c72a0000 - 0x00007ff9c74ad000 	C:\Windows\System32\twinapi.appcore.dll
0x00007ff9c5e20000 - 0x00007ff9c63de000 	C:\Windows\System32\d2d1.dll
0x00007ff9c8040000 - 0x00007ff9c8071000 	C:\WINDOWS\SYSTEM32\ntmarta.dll
0x00007ff9c5b90000 - 0x00007ff9c5e0e000 	C:\Windows\System32\d3d11.dll
0x00007ff9c74b0000 - 0x00007ff9c74d8000 	C:\Windows\System32\RMCLIENT.dll
0x00007ff9c7d00000 - 0x00007ff9c7dc2000 	C:\Windows\System32\dxgi.dll

VM Arguments:
jvm_args: -javaagent:C:\Users\coryk\eclipse\java-2019-09\eclipse\configuration\org.eclipse.osgi\457\0\.cp\jacocoagent.jar=includes=*,excludes=,exclclassloader=sun.reflect.DelegatingClassLoader,output=tcpclient,port=49356 -Dfile.encoding=Cp1252 
java_command: view.MainMenu
java_class_path (initial): C:\Users\coryk\git\RhythmGame\scuffed-osu\bin;C:\Users\coryk\git\RhythmGame\scuffed-osu\jgoodies-forms-1.8.0.jar;C:\Users\coryk\git\RhythmGame\scuffed-osu\miglayout15-swing.jar;C:\Users\coryk\Downloads\BasicPlayer3.0\basicplayer3.0.jar;C:\Users\coryk\Downloads\BasicPlayer3.0\lib\commons-logging-api.jar;C:\Users\coryk\Downloads\BasicPlayer3.0\lib\jl1.0.jar;C:\Users\coryk\Downloads\BasicPlayer3.0\lib\jogg-0.0.7.jar;C:\Users\coryk\Downloads\BasicPlayer3.0\lib\jorbis-0.0.15.jar;C:\Users\coryk\Downloads\BasicPlayer3.0\lib\jspeex0.9.7.jar;C:\Users\coryk\Downloads\BasicPlayer3.0\lib\mp3spi1.9.4.jar;C:\Users\coryk\Downloads\BasicPlayer3.0\lib\tritonus_share.jar;C:\Users\coryk\Downloads\BasicPlayer3.0\lib\vorbisspi1.0.2.jar;C:\Users\coryk\eclipse\java-2019-09\eclipse\configuration\org.eclipse.osgi\457\0\.cp\jacocoagent.jar
Launcher Type: SUN_STANDARD

Environment Variables:
JAVA_HOME=C:\Users\coryk\AppData\Local\Programs\AdoptOpenJDK\
PATH=C:/Program Files/Java/jre1.8.0_241/bin/server;C:/Program Files/Java/jre1.8.0_241/bin;C:/Program Files/Java/jre1.8.0_241/lib/amd64;C:\Program Files (x86)\Common Files\Oracle\Java\javapath;C:\WINDOWS\system32;C:\WINDOWS;C:\WINDOWS\System32\Wbem;C:\WINDOWS\System32\WindowsPowerShell\v1.0\;C:\WINDOWS\System32\OpenSSH\;C:\Program Files\dotnet\;C:\Users\coryk\AppData\Local\Programs\AdoptOpenJDK\bin;C:\Users\coryk\AppData\Local\Microsoft\WindowsApps;C:\Users\coryk\AppData\Local\GitHubDesktop\bin;C:\Users\coryk\AppData\Local\Microsoft\WindowsApps;;C:\Users\coryk\AppData\Local\Programs\Microsoft VS Code\bin;C:\WINDOWS\system32;
USERNAME=coryk
OS=Windows_NT
PROCESSOR_IDENTIFIER=Intel64 Family 6 Model 60 Stepping 3, GenuineIntel



---------------  S Y S T E M  ---------------

OS: Windows 10.0 , 64 bit Build 17763 (10.0.17763.475)

CPU:total 8 (initial active 8) (4 cores per cpu, 2 threads per core) family 6 model 60 stepping 3, cmov, cx8, fxsr, mmx, sse, sse2, sse3, ssse3, sse4.1, sse4.2, popcnt, avx, avx2, aes, clmul, erms, lzcnt, ht, tsc, tscinvbit, bmi1, bmi2

Memory: 4k page, physical 16677944k(3343952k free), swap 67009592k(5204k free)

vm_info: Java HotSpot(TM) 64-Bit Server VM (25.241-b07) for windows-amd64 JRE (1.8.0_241-b07), built on Dec 11 2019 10:21:40 by "rejava" with MS VC++ 10.0 (VS2010)

time: Sat Mar 14 19:08:23 2020
timezone: Pacific Daylight Time
elapsed time: 2 seconds (0d 0h 0m 2s)

